  [1m[36mActiveRecord::InternalMetadata Load (0.2ms)[0m  [1m[34mSELECT * FROM "ar_internal_metadata" WHERE "ar_internal_metadata"."key" = 'environment' ORDER BY "ar_internal_metadata"."key" ASC LIMIT 1 /*application='TaskTracker'*/[0m
  [1m[36mActiveRecord::SchemaMigration Load (0.7ms)[0m  [1m[34mSELECT "schema_migrations"."version" FROM "schema_migrations" ORDER BY "schema_migrations"."version" ASC /*application='TaskTracker'*/[0m
Migrating to AddAvatarToUsers (20241211183611)
  [1m[36mTRANSACTION (0.1ms)[0m  [1m[35mBEGIN immediate TRANSACTION /*application='TaskTracker'*/[0m
  [1m[35m (1.1ms)[0m  [1m[35mALTER TABLE "users" ADD "avatar" varchar /*application='TaskTracker'*/[0m
  [1m[36mActiveRecord::SchemaMigration Create (0.1ms)[0m  [1m[32mINSERT INTO "schema_migrations" ("version") VALUES ('20241211183611') RETURNING "version" /*application='TaskTracker'*/[0m
  [1m[36mTRANSACTION (101.0ms)[0m  [1m[35mCOMMIT TRANSACTION /*application='TaskTracker'*/[0m
  [1m[36mActiveRecord::SchemaMigration Load (0.0ms)[0m  [1m[34mSELECT "schema_migrations"."version" FROM "schema_migrations" ORDER BY "schema_migrations"."version" ASC /*application='TaskTracker'*/[0m
  [1m[36mActiveRecord::InternalMetadata Load (0.1ms)[0m  [1m[34mSELECT * FROM "ar_internal_metadata" WHERE "ar_internal_metadata"."key" = 'environment' ORDER BY "ar_internal_metadata"."key" ASC LIMIT 1 /*application='TaskTracker'*/[0m
  [1m[36mActiveRecord::SchemaMigration Load (0.1ms)[0m  [1m[34mSELECT "schema_migrations"."version" FROM "schema_migrations" ORDER BY "schema_migrations"."version" ASC /*application='TaskTracker'*/[0m
Migrating to CreateActiveStorageTables (20241211183729)
  [1m[36mTRANSACTION (0.1ms)[0m  [1m[35mBEGIN immediate TRANSACTION /*application='TaskTracker'*/[0m
  [1m[35m (1.0ms)[0m  [1m[35mCREATE TABLE "active_storage_blobs" ("id" integer PRIMARY KEY AUTOINCREMENT NOT NULL, "key" varchar NOT NULL, "filename" varchar NOT NULL, "content_type" varchar, "metadata" text, "service_name" varchar NOT NULL, "byte_size" bigint NOT NULL, "checksum" varchar, "created_at" datetime(6) NOT NULL) /*application='TaskTracker'*/[0m
  [1m[35m (0.1ms)[0m  [1m[35mCREATE UNIQUE INDEX "index_active_storage_blobs_on_key" ON "active_storage_blobs" ("key") /*application='TaskTracker'*/[0m
  [1m[35m (0.1ms)[0m  [1m[35mCREATE TABLE "active_storage_attachments" ("id" integer PRIMARY KEY AUTOINCREMENT NOT NULL, "name" varchar NOT NULL, "record_type" varchar NOT NULL, "record_id" bigint NOT NULL, "blob_id" bigint NOT NULL, "created_at" datetime(6) NOT NULL, CONSTRAINT "fk_rails_c3b3935057"
FOREIGN KEY ("blob_id")
  REFERENCES "active_storage_blobs" ("id")
) /*application='TaskTracker'*/[0m
  [1m[35m (0.1ms)[0m  [1m[35mCREATE INDEX "index_active_storage_attachments_on_blob_id" ON "active_storage_attachments" ("blob_id") /*application='TaskTracker'*/[0m
  [1m[35m (0.1ms)[0m  [1m[35mCREATE UNIQUE INDEX "index_active_storage_attachments_uniqueness" ON "active_storage_attachments" ("record_type", "record_id", "name", "blob_id") /*application='TaskTracker'*/[0m
  [1m[35m (0.2ms)[0m  [1m[35mCREATE TABLE "active_storage_variant_records" ("id" integer PRIMARY KEY AUTOINCREMENT NOT NULL, "blob_id" bigint NOT NULL, "variation_digest" varchar NOT NULL, CONSTRAINT "fk_rails_993965df05"
FOREIGN KEY ("blob_id")
  REFERENCES "active_storage_blobs" ("id")
) /*application='TaskTracker'*/[0m
  [1m[35m (0.1ms)[0m  [1m[35mCREATE UNIQUE INDEX "index_active_storage_variant_records_uniqueness" ON "active_storage_variant_records" ("blob_id", "variation_digest") /*application='TaskTracker'*/[0m
  [1m[36mActiveRecord::SchemaMigration Create (0.2ms)[0m  [1m[32mINSERT INTO "schema_migrations" ("version") VALUES ('20241211183729') RETURNING "version" /*application='TaskTracker'*/[0m
  [1m[36mTRANSACTION (52.2ms)[0m  [1m[35mCOMMIT TRANSACTION /*application='TaskTracker'*/[0m
  [1m[36mActiveRecord::SchemaMigration Load (0.1ms)[0m  [1m[34mSELECT "schema_migrations"."version" FROM "schema_migrations" ORDER BY "schema_migrations"."version" ASC /*application='TaskTracker'*/[0m
Started GET "/" for 127.0.0.1 at 2024-12-11 21:42:49 +0300
  [1m[36mActiveRecord::SchemaMigration Load (0.2ms)[0m  [1m[34mSELECT "schema_migrations"."version" FROM "schema_migrations" ORDER BY "schema_migrations"."version" ASC /*application='TaskTracker'*/[0m
Processing by TasksController#index as HTML
  Rendering layout layouts/application.html.erb
  Rendering tasks/index.html.erb within layouts/application
  [1m[36mTask Load (0.9ms)[0m  [1m[34mSELECT "tasks".* FROM "tasks" /*action='index',application='TaskTracker',controller='tasks'*/[0m
  ↳ app/views/tasks/index.html.erb:14
  Rendered tasks/index.html.erb within layouts/application (Duration: 2.5ms | GC: 0.0ms)
  Rendered layout layouts/application.html.erb (Duration: 46.9ms | GC: 0.0ms)
Completed 200 OK in 173ms (Views: 50.4ms | ActiveRecord: 0.9ms (1 query, 0 cached) | GC: 2.1ms)


Started GET "/assets/application-30b4acce.css" for 127.0.0.1 at 2024-12-11 21:42:49 +0300
Started GET "/assets/application-bfcdf840.js" for 127.0.0.1 at 2024-12-11 21:42:49 +0300
Started GET "/assets/turbo.min-fae85750.js" for 127.0.0.1 at 2024-12-11 21:42:49 +0300
Started GET "/assets/stimulus.min-4b1e420e.js" for 127.0.0.1 at 2024-12-11 21:42:49 +0300
Started GET "/assets/controllers/index-ee64e1f1.js" for 127.0.0.1 at 2024-12-11 21:42:49 +0300
Started GET "/assets/stimulus-loading-1fc53fe7.js" for 127.0.0.1 at 2024-12-11 21:42:49 +0300
Started GET "/tasks/new" for 127.0.0.1 at 2024-12-11 21:42:58 +0300
Processing by TasksController#new as HTML
  Rendering layout layouts/application.html.erb
  Rendering tasks/new.html.erb within layouts/application
  [1m[36mCategory Load (0.1ms)[0m  [1m[34mSELECT "categories".* FROM "categories" /*action='new',application='TaskTracker',controller='tasks'*/[0m
  ↳ app/views/tasks/new.html.erb:32
  Rendered tasks/new.html.erb within layouts/application (Duration: 52.6ms | GC: 0.0ms)
  Rendered layout layouts/application.html.erb (Duration: 53.2ms | GC: 0.0ms)
Completed 200 OK in 99ms (Views: 53.4ms | ActiveRecord: 1.0ms (1 query, 0 cached) | GC: 0.0ms)


Started POST "/tasks" for 127.0.0.1 at 2024-12-11 21:43:04 +0300
Processing by TasksController#create as TURBO_STREAM
  Parameters: {"authenticity_token"=>"[FILTERED]", "task"=>{"title"=>"123", "description"=>"123", "status"=>"в процессе", "category_ids"=>[""]}, "commit"=>"Create Task"}
Completed 500 Internal Server Error in 127ms (ActiveRecord: 0.5ms (0 queries, 0 cached) | GC: 14.6ms)


  
NameError (undefined local variable or method `current_user' for #<TasksController:0x0000000000dd18>):
  
app/controllers/tasks_controller.rb:17:in `create'
Started GET "/" for 127.0.0.1 at 2024-12-11 21:43:48 +0300
Processing by TasksController#index as HTML
  Rendering layout layouts/application.html.erb
  Rendering tasks/index.html.erb within layouts/application
  [1m[36mTask Load (0.2ms)[0m  [1m[34mSELECT "tasks".* FROM "tasks" /*action='index',application='TaskTracker',controller='tasks'*/[0m
  ↳ app/views/tasks/index.html.erb:14
  Rendered tasks/index.html.erb within layouts/application (Duration: 2.1ms | GC: 0.0ms)
  Rendered layout layouts/application.html.erb (Duration: 3.7ms | GC: 0.0ms)
Completed 200 OK in 25ms (Views: 4.1ms | ActiveRecord: 0.2ms (1 query, 0 cached) | GC: 0.0ms)


Started GET "/" for 127.0.0.1 at 2024-12-11 21:43:48 +0300
Processing by TasksController#index as HTML
  Rendering layout layouts/application.html.erb
  Rendering tasks/index.html.erb within layouts/application
  [1m[36mTask Load (0.1ms)[0m  [1m[34mSELECT "tasks".* FROM "tasks" /*action='index',application='TaskTracker',controller='tasks'*/[0m
  ↳ app/views/tasks/index.html.erb:14
  Rendered tasks/index.html.erb within layouts/application (Duration: 1.0ms | GC: 0.0ms)
  Rendered layout layouts/application.html.erb (Duration: 1.7ms | GC: 0.0ms)
Completed 200 OK in 15ms (Views: 1.9ms | ActiveRecord: 0.1ms (1 query, 0 cached) | GC: 0.0ms)


Started GET "/" for 127.0.0.1 at 2024-12-11 21:44:19 +0300
Processing by TasksController#index as HTML
  Rendering layout layouts/application.html.erb
  Rendering tasks/index.html.erb within layouts/application
  [1m[36mTask Load (0.7ms)[0m  [1m[34mSELECT "tasks".* FROM "tasks" /*action='index',application='TaskTracker',controller='tasks'*/[0m
  ↳ app/views/tasks/index.html.erb:17
  Rendered tasks/index.html.erb within layouts/application (Duration: 2.1ms | GC: 0.0ms)
  Rendered layout layouts/application.html.erb (Duration: 4.1ms | GC: 0.0ms)
Completed 200 OK in 17ms (Views: 4.2ms | ActiveRecord: 0.7ms (1 query, 0 cached) | GC: 0.0ms)


Started GET "/tasks/new" for 127.0.0.1 at 2024-12-11 21:44:23 +0300
Processing by TasksController#new as HTML
  Rendering layout layouts/application.html.erb
  Rendering tasks/new.html.erb within layouts/application
  [1m[36mCategory Load (0.1ms)[0m  [1m[34mSELECT "categories".* FROM "categories" /*action='new',application='TaskTracker',controller='tasks'*/[0m
  ↳ app/views/tasks/new.html.erb:32
  Rendered tasks/new.html.erb within layouts/application (Duration: 3.2ms | GC: 0.3ms)
  Rendered layout layouts/application.html.erb (Duration: 3.7ms | GC: 0.3ms)
Completed 200 OK in 27ms (Views: 3.9ms | ActiveRecord: 0.5ms (1 query, 0 cached) | GC: 4.7ms)


Started GET "/tasks/new" for 127.0.0.1 at 2024-12-11 21:44:24 +0300
Processing by TasksController#new as HTML
  Rendering layout layouts/application.html.erb
  Rendering tasks/new.html.erb within layouts/application
  [1m[36mCategory Load (0.1ms)[0m  [1m[34mSELECT "categories".* FROM "categories" /*action='new',application='TaskTracker',controller='tasks'*/[0m
  ↳ app/views/tasks/new.html.erb:32
  Rendered tasks/new.html.erb within layouts/application (Duration: 2.4ms | GC: 0.0ms)
  Rendered layout layouts/application.html.erb (Duration: 3.0ms | GC: 0.0ms)
Completed 200 OK in 15ms (Views: 3.4ms | ActiveRecord: 0.1ms (1 query, 0 cached) | GC: 0.3ms)


Started GET "/" for 127.0.0.1 at 2024-12-11 21:48:36 +0300
  [1m[36mActiveRecord::SchemaMigration Load (0.1ms)[0m  [1m[34mSELECT "schema_migrations"."version" FROM "schema_migrations" ORDER BY "schema_migrations"."version" ASC /*application='TaskTracker'*/[0m
Processing by TasksController#index as HTML
  [1m[36mUser Load (0.2ms)[0m  [1m[34mSELECT "users".* FROM "users" WHERE "users"."id" IS NULL LIMIT 1 /*action='index',application='TaskTracker',controller='tasks'*/[0m
  ↳ app/controllers/application_controller.rb:9:in `set_current_user'
Redirected to http://127.0.0.1:3000/login
Filter chain halted as :authenticate_user! rendered or redirected
Completed 302 Found in 289ms (ActiveRecord: 1.5ms (1 query, 0 cached) | GC: 2.1ms)


Started GET "/login" for 127.0.0.1 at 2024-12-11 21:48:37 +0300
Processing by SessionsController#new as HTML
  [1m[36mUser Load (0.2ms)[0m  [1m[34mSELECT "users".* FROM "users" WHERE "users"."id" IS NULL LIMIT 1 /*action='new',application='TaskTracker',controller='sessions'*/[0m
  ↳ app/controllers/application_controller.rb:9:in `set_current_user'
Completed 406 Not Acceptable in 26ms (ActiveRecord: 0.2ms (1 query, 0 cached) | GC: 0.0ms)


  
ActionController::MissingExactTemplate (SessionsController#new is missing a template for request formats: text/html):
  
actionpack (8.0.0) lib/action_controller/metal/implicit_render.rb:49:in `default_render'
actionpack (8.0.0) lib/action_controller/metal/basic_implicit_render.rb:9:in `send_action'
actionpack (8.0.0) lib/abstract_controller/base.rb:226:in `process_action'
actionpack (8.0.0) lib/action_controller/metal/rendering.rb:193:in `process_action'
actionpack (8.0.0) lib/abstract_controller/callbacks.rb:261:in `block in process_action'
activesupport (8.0.0) lib/active_support/callbacks.rb:120:in `block in run_callbacks'
turbo-rails (2.0.11) lib/turbo-rails.rb:24:in `with_request_id'
turbo-rails (2.0.11) app/controllers/concerns/turbo/request_id_tracking.rb:10:in `turbo_tracking_request_id'
activesupport (8.0.0) lib/active_support/callbacks.rb:129:in `block in run_callbacks'
actiontext (8.0.0) lib/action_text/rendering.rb:25:in `with_renderer'
actiontext (8.0.0) lib/action_text/engine.rb:71:in `block (4 levels) in <class:Engine>'
activesupport (8.0.0) lib/active_support/callbacks.rb:129:in `instance_exec'
activesupport (8.0.0) lib/active_support/callbacks.rb:129:in `block in run_callbacks'
activesupport (8.0.0) lib/active_support/callbacks.rb:140:in `run_callbacks'
actionpack (8.0.0) lib/abstract_controller/callbacks.rb:260:in `process_action'
actionpack (8.0.0) lib/action_controller/metal/rescue.rb:27:in `process_action'
actionpack (8.0.0) lib/action_controller/metal/instrumentation.rb:76:in `block in process_action'
activesupport (8.0.0) lib/active_support/notifications.rb:210:in `block in instrument'
activesupport (8.0.0) lib/active_support/notifications/instrumenter.rb:58:in `instrument'
activesupport (8.0.0) lib/active_support/notifications.rb:210:in `instrument'
actionpack (8.0.0) lib/action_controller/metal/instrumentation.rb:75:in `process_action'
actionpack (8.0.0) lib/action_controller/metal/params_wrapper.rb:259:in `process_action'
activerecord (8.0.0) lib/active_record/railties/controller_runtime.rb:39:in `process_action'
actionpack (8.0.0) lib/abstract_controller/base.rb:163:in `process'
actionview (8.0.0) lib/action_view/rendering.rb:40:in `process'
actionpack (8.0.0) lib/action_controller/metal.rb:252:in `dispatch'
actionpack (8.0.0) lib/action_controller/metal.rb:335:in `dispatch'
actionpack (8.0.0) lib/action_dispatch/routing/route_set.rb:67:in `dispatch'
actionpack (8.0.0) lib/action_dispatch/routing/route_set.rb:50:in `serve'
actionpack (8.0.0) lib/action_dispatch/journey/router.rb:53:in `block in serve'
actionpack (8.0.0) lib/action_dispatch/journey/router.rb:133:in `block in find_routes'
actionpack (8.0.0) lib/action_dispatch/journey/router.rb:126:in `each'
actionpack (8.0.0) lib/action_dispatch/journey/router.rb:126:in `find_routes'
actionpack (8.0.0) lib/action_dispatch/journey/router.rb:34:in `serve'
actionpack (8.0.0) lib/action_dispatch/routing/route_set.rb:908:in `call'
railties (8.0.0) lib/rails/engine/lazy_route_set.rb:68:in `call'
rack (3.1.8) lib/rack/tempfile_reaper.rb:20:in `call'
rack (3.1.8) lib/rack/etag.rb:29:in `call'
rack (3.1.8) lib/rack/conditional_get.rb:31:in `call'
rack (3.1.8) lib/rack/head.rb:15:in `call'
actionpack (8.0.0) lib/action_dispatch/http/permissions_policy.rb:38:in `call'
actionpack (8.0.0) lib/action_dispatch/http/content_security_policy.rb:35:in `call'
rack-session (2.0.0) lib/rack/session/abstract/id.rb:272:in `context'
rack-session (2.0.0) lib/rack/session/abstract/id.rb:266:in `call'
actionpack (8.0.0) lib/action_dispatch/middleware/cookies.rb:706:in `call'
activerecord (8.0.0) lib/active_record/migration.rb:671:in `call'
actionpack (8.0.0) lib/action_dispatch/middleware/callbacks.rb:31:in `block in call'
activesupport (8.0.0) lib/active_support/callbacks.rb:100:in `run_callbacks'
actionpack (8.0.0) lib/action_dispatch/middleware/callbacks.rb:30:in `call'
actionpack (8.0.0) lib/action_dispatch/middleware/executor.rb:16:in `call'
actionpack (8.0.0) lib/action_dispatch/middleware/actionable_exceptions.rb:18:in `call'
actionpack (8.0.0) lib/action_dispatch/middleware/debug_exceptions.rb:31:in `call'
web-console (4.2.1) lib/web_console/middleware.rb:132:in `call_app'
web-console (4.2.1) lib/web_console/middleware.rb:28:in `block in call'
web-console (4.2.1) lib/web_console/middleware.rb:17:in `catch'
web-console (4.2.1) lib/web_console/middleware.rb:17:in `call'
actionpack (8.0.0) lib/action_dispatch/middleware/show_exceptions.rb:32:in `call'
railties (8.0.0) lib/rails/rack/logger.rb:41:in `call_app'
railties (8.0.0) lib/rails/rack/logger.rb:29:in `call'
actionpack (8.0.0) lib/action_dispatch/middleware/remote_ip.rb:96:in `call'
actionpack (8.0.0) lib/action_dispatch/middleware/request_id.rb:34:in `call'
rack (3.1.8) lib/rack/method_override.rb:28:in `call'
rack (3.1.8) lib/rack/runtime.rb:24:in `call'
actionpack (8.0.0) lib/action_dispatch/middleware/server_timing.rb:61:in `block in call'
actionpack (8.0.0) lib/action_dispatch/middleware/server_timing.rb:26:in `collect_events'
actionpack (8.0.0) lib/action_dispatch/middleware/server_timing.rb:60:in `call'
actionpack (8.0.0) lib/action_dispatch/middleware/executor.rb:16:in `call'
actionpack (8.0.0) lib/action_dispatch/middleware/static.rb:27:in `call'
rack (3.1.8) lib/rack/sendfile.rb:114:in `call'
actionpack (8.0.0) lib/action_dispatch/middleware/host_authorization.rb:143:in `call'
railties (8.0.0) lib/rails/engine.rb:535:in `call'
puma (6.5.0) lib/puma/configuration.rb:279:in `call'
puma (6.5.0) lib/puma/request.rb:99:in `block in handle_request'
puma (6.5.0) lib/puma/thread_pool.rb:389:in `with_force_shutdown'
puma (6.5.0) lib/puma/request.rb:98:in `handle_request'
puma (6.5.0) lib/puma/server.rb:468:in `process_client'
puma (6.5.0) lib/puma/server.rb:249:in `block in run'
puma (6.5.0) lib/puma/thread_pool.rb:166:in `block in spawn_thread'
Started GET "/login" for 127.0.0.1 at 2024-12-11 21:49:53 +0300
Processing by SessionsController#new as HTML
  [1m[36mUser Load (0.1ms)[0m  [1m[34mSELECT "users".* FROM "users" WHERE "users"."id" IS NULL LIMIT 1 /*action='new',application='TaskTracker',controller='sessions'*/[0m
  ↳ app/controllers/application_controller.rb:9:in `set_current_user'
  Rendering layout layouts/application.html.erb
  Rendering sessions/new.html.erb within layouts/application
  Rendered sessions/new.html.erb within layouts/application (Duration: 1.3ms | GC: 0.0ms)
  Rendered layout layouts/application.html.erb (Duration: 7.6ms | GC: 0.0ms)
Completed 200 OK in 27ms (Views: 8.7ms | ActiveRecord: 0.9ms (1 query, 0 cached) | GC: 0.0ms)


Started GET "/assets/application-30b4acce.css" for 127.0.0.1 at 2024-12-11 21:49:53 +0300
Started POST "/login" for 127.0.0.1 at 2024-12-11 21:50:00 +0300
Processing by SessionsController#create as TURBO_STREAM
  Parameters: {"authenticity_token"=>"[FILTERED]", "username"=>"vgartg", "password_hash"=>"[FILTERED]", "commit"=>"Войти"}
  [1m[36mUser Load (0.1ms)[0m  [1m[34mSELECT "users".* FROM "users" WHERE "users"."id" IS NULL LIMIT 1 /*action='create',application='TaskTracker',controller='sessions'*/[0m
  ↳ app/controllers/application_controller.rb:9:in `set_current_user'
  [1m[36mUser Load (0.1ms)[0m  [1m[34mSELECT "users".* FROM "users" WHERE "users"."username" = 'vgartg' LIMIT 1 /*action='create',application='TaskTracker',controller='sessions'*/[0m
  ↳ app/controllers/sessions_controller.rb:6:in `create'
  Rendering layout layouts/application.html.erb
  Rendering sessions/new.html.erb within layouts/application
  Rendered sessions/new.html.erb within layouts/application (Duration: 0.6ms | GC: 0.0ms)
  Rendered layout layouts/application.html.erb (Duration: 1.1ms | GC: 0.0ms)
Completed 200 OK in 15ms (Views: 1.5ms | ActiveRecord: 0.2ms (2 queries, 0 cached) | GC: 0.0ms)


Started GET "/signup" for 127.0.0.1 at 2024-12-11 21:50:02 +0300
Processing by UsersController#new as HTML
  [1m[36mUser Load (0.1ms)[0m  [1m[34mSELECT "users".* FROM "users" WHERE "users"."id" IS NULL LIMIT 1 /*action='new',application='TaskTracker',controller='users'*/[0m
  ↳ app/controllers/application_controller.rb:9:in `set_current_user'
  Rendering layout layouts/application.html.erb
  Rendering users/new.html.erb within layouts/application
  Rendered users/new.html.erb within layouts/application (Duration: 19.1ms | GC: 0.0ms)
  Rendered layout layouts/application.html.erb (Duration: 19.8ms | GC: 0.0ms)
Completed 200 OK in 34ms (Views: 20.2ms | ActiveRecord: 0.3ms (1 query, 0 cached) | GC: 0.0ms)


Started POST "/users" for 127.0.0.1 at 2024-12-11 21:50:06 +0300
Processing by UsersController#create as TURBO_STREAM
  Parameters: {"authenticity_token"=>"[FILTERED]", "user"=>{"username"=>"123", "password_hash"=>"[FILTERED]"}, "commit"=>"Зарегистрироваться"}
  [1m[36mUser Load (0.1ms)[0m  [1m[34mSELECT "users".* FROM "users" WHERE "users"."id" IS NULL LIMIT 1 /*action='create',application='TaskTracker',controller='users'*/[0m
  ↳ app/controllers/application_controller.rb:9:in `set_current_user'
Completed 500 Internal Server Error in 24ms (ActiveRecord: 0.1ms (1 query, 0 cached) | GC: 0.0ms)


  
NoMethodError (undefined method `password_digest' for #<User id: nil, username: "123", password_hash: [FILTERED], created_at: nil, updated_at: nil, avatar: nil>):
  
app/controllers/users_controller.rb:17:in `create'
  [1m[36mActiveRecord::InternalMetadata Load (0.1ms)[0m  [1m[34mSELECT * FROM "ar_internal_metadata" WHERE "ar_internal_metadata"."key" = 'environment' ORDER BY "ar_internal_metadata"."key" ASC LIMIT 1 /*application='TaskTracker'*/[0m
  [1m[36mActiveRecord::SchemaMigration Load (0.1ms)[0m  [1m[34mSELECT "schema_migrations"."version" FROM "schema_migrations" ORDER BY "schema_migrations"."version" ASC /*application='TaskTracker'*/[0m
Migrating to RenamePasswordHashToPasswordDigest (20241211185153)
  [1m[36mTRANSACTION (0.0ms)[0m  [1m[35mBEGIN immediate TRANSACTION /*application='TaskTracker'*/[0m
  [1m[35mSQL (0.0ms)[0m  [1m[35mPRAGMA foreign_keys /*application='TaskTracker'*/[0m
  [1m[35mSQL (0.0ms)[0m  [1m[35mPRAGMA defer_foreign_keys /*application='TaskTracker'*/[0m
  [1m[35m (0.0ms)[0m  [1m[35mPRAGMA defer_foreign_keys = ON /*application='TaskTracker'*/[0m
  [1m[35m (0.0ms)[0m  [1m[35mPRAGMA foreign_keys = OFF /*application='TaskTracker'*/[0m
  [1m[35m (0.2ms)[0m  [1m[35mCREATE TEMPORARY TABLE "ausers" ("id" integer PRIMARY KEY AUTOINCREMENT NOT NULL, "username" varchar, "password_digest" varchar, "created_at" datetime(6) NOT NULL, "updated_at" datetime(6) NOT NULL, "avatar" varchar) /*application='TaskTracker'*/[0m
  [1m[35mSQL (0.0ms)[0m  [1m[32mINSERT INTO "ausers" ("id","username","password_digest","created_at","updated_at","avatar")
                     SELECT "id","username","password_hash","created_at","updated_at","avatar" FROM "users" /*application='TaskTracker'*/[0m
  [1m[35m (0.2ms)[0m  [1m[35mDROP TABLE "users" /*application='TaskTracker'*/[0m
  [1m[35m (0.9ms)[0m  [1m[35mCREATE TABLE "users" ("id" integer PRIMARY KEY AUTOINCREMENT NOT NULL, "username" varchar, "password_digest" varchar, "created_at" datetime(6) NOT NULL, "updated_at" datetime(6) NOT NULL, "avatar" varchar) /*application='TaskTracker'*/[0m
  [1m[35mSQL (0.1ms)[0m  [1m[32mINSERT INTO "users" ("id","username","password_digest","created_at","updated_at","avatar")
                     SELECT "id","username","password_digest","created_at","updated_at","avatar" FROM "ausers" /*application='TaskTracker'*/[0m
  [1m[35m (0.1ms)[0m  [1m[35mDROP TABLE "ausers" /*application='TaskTracker'*/[0m
  [1m[35m (0.0ms)[0m  [1m[35mPRAGMA defer_foreign_keys = 0 /*application='TaskTracker'*/[0m
  [1m[35m (0.0ms)[0m  [1m[35mPRAGMA foreign_keys = 1 /*application='TaskTracker'*/[0m
  [1m[36mActiveRecord::SchemaMigration Create (0.1ms)[0m  [1m[32mINSERT INTO "schema_migrations" ("version") VALUES ('20241211185153') RETURNING "version" /*application='TaskTracker'*/[0m
  [1m[36mTRANSACTION (40.3ms)[0m  [1m[35mCOMMIT TRANSACTION /*application='TaskTracker'*/[0m
  [1m[36mActiveRecord::SchemaMigration Load (0.1ms)[0m  [1m[34mSELECT "schema_migrations"."version" FROM "schema_migrations" ORDER BY "schema_migrations"."version" ASC /*application='TaskTracker'*/[0m
Started GET "/" for 127.0.0.1 at 2024-12-11 21:53:59 +0300
  [1m[36mActiveRecord::SchemaMigration Load (0.1ms)[0m  [1m[34mSELECT "schema_migrations"."version" FROM "schema_migrations" ORDER BY "schema_migrations"."version" ASC /*application='TaskTracker'*/[0m
Processing by TasksController#index as HTML
  [1m[36mUser Load (0.1ms)[0m  [1m[34mSELECT "users".* FROM "users" WHERE "users"."id" IS NULL LIMIT 1 /*action='index',application='TaskTracker',controller='tasks'*/[0m
  ↳ app/controllers/application_controller.rb:9:in `set_current_user'
Redirected to http://127.0.0.1:3000/login
Filter chain halted as :authenticate_user! rendered or redirected
Completed 302 Found in 44ms (ActiveRecord: 1.2ms (1 query, 0 cached) | GC: 1.6ms)


Started GET "/login" for 127.0.0.1 at 2024-12-11 21:53:59 +0300
Processing by SessionsController#new as HTML
  [1m[36mUser Load (0.1ms)[0m  [1m[34mSELECT "users".* FROM "users" WHERE "users"."id" IS NULL LIMIT 1 /*action='new',application='TaskTracker',controller='sessions'*/[0m
  ↳ app/controllers/application_controller.rb:9:in `set_current_user'
  Rendering layout layouts/application.html.erb
  Rendering sessions/new.html.erb within layouts/application
  Rendered sessions/new.html.erb within layouts/application (Duration: 1.8ms | GC: 0.0ms)
  Rendered layout layouts/application.html.erb (Duration: 7.4ms | GC: 0.0ms)
Completed 200 OK in 22ms (Views: 9.3ms | ActiveRecord: 0.1ms (1 query, 0 cached) | GC: 0.0ms)


Started GET "/signup" for 127.0.0.1 at 2024-12-11 21:54:01 +0300
Processing by UsersController#new as HTML
  [1m[36mUser Load (0.1ms)[0m  [1m[34mSELECT "users".* FROM "users" WHERE "users"."id" IS NULL LIMIT 1 /*action='new',application='TaskTracker',controller='users'*/[0m
  ↳ app/controllers/application_controller.rb:9:in `set_current_user'
  Rendering layout layouts/application.html.erb
  Rendering users/new.html.erb within layouts/application
  Rendered users/new.html.erb within layouts/application (Duration: 2.6ms | GC: 0.0ms)
  Rendered layout layouts/application.html.erb (Duration: 3.2ms | GC: 0.0ms)
Completed 200 OK in 25ms (Views: 3.7ms | ActiveRecord: 0.3ms (1 query, 0 cached) | GC: 0.0ms)


Started POST "/users" for 127.0.0.1 at 2024-12-11 21:54:07 +0300
Processing by UsersController#create as TURBO_STREAM
  Parameters: {"authenticity_token"=>"[FILTERED]", "user"=>{"username"=>"123", "password"=>"[FILTERED]", "password_confirmation"=>"[FILTERED]"}, "commit"=>"Зарегистрироваться"}
  [1m[36mUser Load (0.2ms)[0m  [1m[34mSELECT "users".* FROM "users" WHERE "users"."id" IS NULL LIMIT 1 /*action='create',application='TaskTracker',controller='users'*/[0m
  ↳ app/controllers/application_controller.rb:9:in `set_current_user'
  [1m[36mTRANSACTION (0.1ms)[0m  [1m[35mBEGIN immediate TRANSACTION /*action='create',application='TaskTracker',controller='users'*/[0m
  ↳ app/controllers/users_controller.rb:17:in `create'
  [1m[36mUser Exists? (1.3ms)[0m  [1m[34mSELECT 1 AS one FROM "users" WHERE "users"."username" = '123' LIMIT 1 /*action='create',application='TaskTracker',controller='users'*/[0m
  ↳ app/controllers/users_controller.rb:17:in `create'
  [1m[36mTRANSACTION (0.0ms)[0m  [1m[31mROLLBACK TRANSACTION /*action='create',application='TaskTracker',controller='users'*/[0m
  ↳ app/controllers/users_controller.rb:17:in `create'
  Rendering layout layouts/application.html.erb
  Rendering users/new.html.erb within layouts/application
  Rendered users/new.html.erb within layouts/application (Duration: 1.9ms | GC: 0.0ms)
  Rendered layout layouts/application.html.erb (Duration: 2.5ms | GC: 0.0ms)
Completed 200 OK in 237ms (Views: 2.8ms | ActiveRecord: 1.6ms (2 queries, 0 cached) | GC: 0.0ms)


Started POST "/users" for 127.0.0.1 at 2024-12-11 21:54:11 +0300
Processing by UsersController#create as TURBO_STREAM
  Parameters: {"authenticity_token"=>"[FILTERED]", "user"=>{"username"=>"123", "password"=>"[FILTERED]", "password_confirmation"=>"[FILTERED]"}, "commit"=>"Зарегистрироваться"}
  [1m[36mUser Load (0.1ms)[0m  [1m[34mSELECT "users".* FROM "users" WHERE "users"."id" IS NULL LIMIT 1 /*action='create',application='TaskTracker',controller='users'*/[0m
  ↳ app/controllers/application_controller.rb:9:in `set_current_user'
  [1m[36mTRANSACTION (0.1ms)[0m  [1m[35mBEGIN immediate TRANSACTION /*action='create',application='TaskTracker',controller='users'*/[0m
  ↳ app/controllers/users_controller.rb:17:in `create'
  [1m[36mUser Exists? (0.9ms)[0m  [1m[34mSELECT 1 AS one FROM "users" WHERE "users"."username" = '123' LIMIT 1 /*action='create',application='TaskTracker',controller='users'*/[0m
  ↳ app/controllers/users_controller.rb:17:in `create'
  [1m[36mUser Create (0.2ms)[0m  [1m[32mINSERT INTO "users" ("username", "password_digest", "created_at", "updated_at", "avatar") VALUES ('123', '$2a$12$ACusf4aFz8yxAqcG5V9T3OJDbOv4TCQMpot.7cqOMhPPLHzPmOHJe', '2024-12-11 18:54:11.592932', '2024-12-11 18:54:11.592932', NULL) RETURNING "id" /*action='create',application='TaskTracker',controller='users'*/[0m
  ↳ app/controllers/users_controller.rb:17:in `create'
  [1m[36mTRANSACTION (83.3ms)[0m  [1m[35mCOMMIT TRANSACTION /*action='create',application='TaskTracker',controller='users'*/[0m
  ↳ app/controllers/users_controller.rb:17:in `create'
Redirected to http://127.0.0.1:3000/tasks
Completed 302 Found in 311ms (ActiveRecord: 84.6ms (3 queries, 0 cached) | GC: 0.0ms)


Started GET "/tasks" for 127.0.0.1 at 2024-12-11 21:54:11 +0300
Processing by TasksController#index as TURBO_STREAM
  [1m[36mUser Load (0.1ms)[0m  [1m[34mSELECT "users".* FROM "users" WHERE "users"."id" = 1 LIMIT 1 /*action='index',application='TaskTracker',controller='tasks'*/[0m
  ↳ app/controllers/application_controller.rb:9:in `set_current_user'
Completed 500 Internal Server Error in 10ms (ActiveRecord: 0.1ms (1 query, 0 cached) | GC: 0.0ms)


  
NoMethodError (undefined method `tasks' for #<User id: 1, username: "123", password_digest: [FILTERED], created_at: "2024-12-11 18:54:11.592932000 +0000", updated_at: "2024-12-11 18:54:11.592932000 +0000", avatar: nil>):
  
app/controllers/tasks_controller.rb:5:in `index'
  [1m[36mActiveRecord::InternalMetadata Load (0.1ms)[0m  [1m[34mSELECT * FROM "ar_internal_metadata" WHERE "ar_internal_metadata"."key" = 'environment' ORDER BY "ar_internal_metadata"."key" ASC LIMIT 1 /*application='TaskTracker'*/[0m
  [1m[36mActiveRecord::SchemaMigration Load (0.1ms)[0m  [1m[34mSELECT "schema_migrations"."version" FROM "schema_migrations" ORDER BY "schema_migrations"."version" ASC /*application='TaskTracker'*/[0m
Migrating to AddUserIdToTasks (20241211185503)
  [1m[36mTRANSACTION (0.1ms)[0m  [1m[35mBEGIN immediate TRANSACTION /*application='TaskTracker'*/[0m
  [1m[35m (1.3ms)[0m  [1m[35mALTER TABLE "tasks" ADD "user_id" integer /*application='TaskTracker'*/[0m
  [1m[36mTRANSACTION (0.0ms)[0m  [1m[31mROLLBACK TRANSACTION /*application='TaskTracker'*/[0m
  [1m[36mActiveRecord::InternalMetadata Load (0.1ms)[0m  [1m[34mSELECT * FROM "ar_internal_metadata" WHERE "ar_internal_metadata"."key" = 'environment' ORDER BY "ar_internal_metadata"."key" ASC LIMIT 1 /*application='TaskTracker'*/[0m
  [1m[36mActiveRecord::SchemaMigration Load (0.1ms)[0m  [1m[34mSELECT "schema_migrations"."version" FROM "schema_migrations" ORDER BY "schema_migrations"."version" ASC /*application='TaskTracker'*/[0m
Migrating to AddUserIdToTasks (20241211185503)
  [1m[36mTRANSACTION (0.0ms)[0m  [1m[35mBEGIN immediate TRANSACTION /*application='TaskTracker'*/[0m
  [1m[35m (1.1ms)[0m  [1m[35mALTER TABLE "tasks" ADD "user_id" integer /*application='TaskTracker'*/[0m
  [1m[36mTRANSACTION (0.0ms)[0m  [1m[31mROLLBACK TRANSACTION /*application='TaskTracker'*/[0m
  [1m[36mActiveRecord::InternalMetadata Load (0.1ms)[0m  [1m[34mSELECT * FROM "ar_internal_metadata" WHERE "ar_internal_metadata"."key" = 'environment' ORDER BY "ar_internal_metadata"."key" ASC LIMIT 1 /*application='TaskTracker'*/[0m
  [1m[36mActiveRecord::SchemaMigration Load (0.1ms)[0m  [1m[34mSELECT "schema_migrations"."version" FROM "schema_migrations" ORDER BY "schema_migrations"."version" ASC /*application='TaskTracker'*/[0m
Migrating to AddUserIdToTasks (20241211185503)
  [1m[36mTRANSACTION (0.0ms)[0m  [1m[35mBEGIN immediate TRANSACTION /*application='TaskTracker'*/[0m
  [1m[36mActiveRecord::SchemaMigration Create (0.2ms)[0m  [1m[32mINSERT INTO "schema_migrations" ("version") VALUES ('20241211185503') RETURNING "version" /*application='TaskTracker'*/[0m
  [1m[36mTRANSACTION (60.1ms)[0m  [1m[35mCOMMIT TRANSACTION /*application='TaskTracker'*/[0m
  [1m[36mActiveRecord::SchemaMigration Load (0.1ms)[0m  [1m[34mSELECT "schema_migrations"."version" FROM "schema_migrations" ORDER BY "schema_migrations"."version" ASC /*application='TaskTracker'*/[0m
Started GET "/" for 127.0.0.1 at 2024-12-11 21:58:02 +0300
  [1m[36mActiveRecord::SchemaMigration Load (0.1ms)[0m  [1m[34mSELECT "schema_migrations"."version" FROM "schema_migrations" ORDER BY "schema_migrations"."version" ASC /*application='TaskTracker'*/[0m
Processing by TasksController#index as HTML
  [1m[36mUser Load (0.1ms)[0m  [1m[34mSELECT "users".* FROM "users" WHERE "users"."id" = 1 LIMIT 1 /*action='index',application='TaskTracker',controller='tasks'*/[0m
  ↳ app/controllers/application_controller.rb:9:in `set_current_user'
  Rendering layout layouts/application.html.erb
  Rendering tasks/index.html.erb within layouts/application
  [1m[36mTask Load (0.1ms)[0m  [1m[34mSELECT "tasks".* FROM "tasks" WHERE "tasks"."user_id" = 1 /*action='index',application='TaskTracker',controller='tasks'*/[0m
  ↳ app/views/tasks/index.html.erb:17
  Rendered tasks/index.html.erb within layouts/application (Duration: 22.2ms | GC: 0.0ms)
  Rendered layout layouts/application.html.erb (Duration: 28.0ms | GC: 0.0ms)
Completed 200 OK in 84ms (Views: 29.6ms | ActiveRecord: 1.6ms (2 queries, 0 cached) | GC: 2.3ms)


Started GET "/tasks/new" for 127.0.0.1 at 2024-12-11 21:58:03 +0300
Processing by TasksController#new as HTML
  [1m[36mUser Load (0.1ms)[0m  [1m[34mSELECT "users".* FROM "users" WHERE "users"."id" = 1 LIMIT 1 /*action='new',application='TaskTracker',controller='tasks'*/[0m
  ↳ app/controllers/application_controller.rb:9:in `set_current_user'
  Rendering layout layouts/application.html.erb
  Rendering tasks/new.html.erb within layouts/application
  [1m[36mCategory Load (0.1ms)[0m  [1m[34mSELECT "categories".* FROM "categories" /*action='new',application='TaskTracker',controller='tasks'*/[0m
  ↳ app/views/tasks/new.html.erb:32
  Rendered tasks/new.html.erb within layouts/application (Duration: 7.0ms | GC: 0.0ms)
  Rendered layout layouts/application.html.erb (Duration: 7.5ms | GC: 0.0ms)
Completed 200 OK in 60ms (Views: 7.8ms | ActiveRecord: 0.2ms (2 queries, 0 cached) | GC: 0.0ms)


Started POST "/tasks" for 127.0.0.1 at 2024-12-11 21:58:07 +0300
Processing by TasksController#create as TURBO_STREAM
  Parameters: {"authenticity_token"=>"[FILTERED]", "task"=>{"title"=>"123", "description"=>"123", "status"=>"в процессе", "category_ids"=>[""]}, "commit"=>"Create Task"}
  [1m[36mUser Load (0.1ms)[0m  [1m[34mSELECT "users".* FROM "users" WHERE "users"."id" = 1 LIMIT 1 /*action='create',application='TaskTracker',controller='tasks'*/[0m
  ↳ app/controllers/application_controller.rb:9:in `set_current_user'
  [1m[36mTRANSACTION (0.0ms)[0m  [1m[35mBEGIN immediate TRANSACTION /*action='create',application='TaskTracker',controller='tasks'*/[0m
  ↳ app/controllers/tasks_controller.rb:18:in `create'
  [1m[36mTask Create (1.0ms)[0m  [1m[32mINSERT INTO "tasks" ("title", "description", "user_id", "status", "created_at", "updated_at") VALUES ('123', '123', 1, 'в процессе', '2024-12-11 18:58:07.645494', '2024-12-11 18:58:07.645494') RETURNING "id" /*action='create',application='TaskTracker',controller='tasks'*/[0m
  ↳ app/controllers/tasks_controller.rb:18:in `create'
  [1m[36mTRANSACTION (185.1ms)[0m  [1m[35mCOMMIT TRANSACTION /*action='create',application='TaskTracker',controller='tasks'*/[0m
  ↳ app/controllers/tasks_controller.rb:18:in `create'
Redirected to http://127.0.0.1:3000/tasks
Completed 302 Found in 205ms (ActiveRecord: 186.4ms (2 queries, 0 cached) | GC: 0.0ms)


Started GET "/tasks" for 127.0.0.1 at 2024-12-11 21:58:07 +0300
Processing by TasksController#index as TURBO_STREAM
  [1m[36mUser Load (0.1ms)[0m  [1m[34mSELECT "users".* FROM "users" WHERE "users"."id" = 1 LIMIT 1 /*action='index',application='TaskTracker',controller='tasks'*/[0m
  ↳ app/controllers/application_controller.rb:9:in `set_current_user'
  Rendering layout layouts/application.html.erb
  Rendering tasks/index.html.erb within layouts/application
  [1m[36mTask Load (0.2ms)[0m  [1m[34mSELECT "tasks".* FROM "tasks" WHERE "tasks"."user_id" = 1 /*action='index',application='TaskTracker',controller='tasks'*/[0m
  ↳ app/views/tasks/index.html.erb:17
  Rendered tasks/index.html.erb within layouts/application (Duration: 3.0ms | GC: 0.0ms)
  Rendered layout layouts/application.html.erb (Duration: 4.3ms | GC: 0.0ms)
Completed 200 OK in 28ms (Views: 4.7ms | ActiveRecord: 0.2ms (2 queries, 0 cached) | GC: 0.0ms)


Started GET "/tasks/1" for 127.0.0.1 at 2024-12-11 21:58:08 +0300
Processing by TasksController#show as HTML
  Parameters: {"id"=>"1"}
  [1m[36mUser Load (0.1ms)[0m  [1m[34mSELECT "users".* FROM "users" WHERE "users"."id" = 1 LIMIT 1 /*action='show',application='TaskTracker',controller='tasks'*/[0m
  ↳ app/controllers/application_controller.rb:9:in `set_current_user'
  [1m[36mTask Load (0.1ms)[0m  [1m[34mSELECT "tasks".* FROM "tasks" WHERE "tasks"."user_id" = 1 AND "tasks"."id" = 1 LIMIT 1 /*action='show',application='TaskTracker',controller='tasks'*/[0m
  ↳ app/controllers/tasks_controller.rb:9:in `show'
  Rendering layout layouts/application.html.erb
  Rendering tasks/show.html.erb within layouts/application
  [1m[36mCategory Pluck (0.1ms)[0m  [1m[34mSELECT "categories"."name" FROM "categories" INNER JOIN "categories_tasks" ON "categories"."id" = "categories_tasks"."category_id" WHERE "categories_tasks"."task_id" = 1 /*action='show',application='TaskTracker',controller='tasks'*/[0m
  ↳ app/views/tasks/show.html.erb:13
  Rendered tasks/show.html.erb within layouts/application (Duration: 19.4ms | GC: 0.0ms)
  Rendered layout layouts/application.html.erb (Duration: 19.9ms | GC: 0.0ms)
Completed 200 OK in 30ms (Views: 20.0ms | ActiveRecord: 0.4ms (3 queries, 0 cached) | GC: 0.0ms)


Started GET "/tasks/1" for 127.0.0.1 at 2024-12-11 21:58:10 +0300
Processing by TasksController#show as HTML
  Parameters: {"id"=>"1"}
  [1m[36mUser Load (0.1ms)[0m  [1m[34mSELECT "users".* FROM "users" WHERE "users"."id" = 1 LIMIT 1 /*action='show',application='TaskTracker',controller='tasks'*/[0m
  ↳ app/controllers/application_controller.rb:9:in `set_current_user'
  [1m[36mTask Load (0.1ms)[0m  [1m[34mSELECT "tasks".* FROM "tasks" WHERE "tasks"."user_id" = 1 AND "tasks"."id" = 1 LIMIT 1 /*action='show',application='TaskTracker',controller='tasks'*/[0m
  ↳ app/controllers/tasks_controller.rb:9:in `show'
  Rendering layout layouts/application.html.erb
  Rendering tasks/show.html.erb within layouts/application
  [1m[36mCategory Pluck (0.1ms)[0m  [1m[34mSELECT "categories"."name" FROM "categories" INNER JOIN "categories_tasks" ON "categories"."id" = "categories_tasks"."category_id" WHERE "categories_tasks"."task_id" = 1 /*action='show',application='TaskTracker',controller='tasks'*/[0m
  ↳ app/views/tasks/show.html.erb:13
  Rendered tasks/show.html.erb within layouts/application (Duration: 1.4ms | GC: 0.0ms)
  Rendered layout layouts/application.html.erb (Duration: 2.2ms | GC: 0.0ms)
Completed 200 OK in 21ms (Views: 2.4ms | ActiveRecord: 0.3ms (3 queries, 0 cached) | GC: 0.0ms)


Started GET "/tasks" for 127.0.0.1 at 2024-12-11 21:58:11 +0300
Processing by TasksController#index as HTML
  [1m[36mUser Load (0.2ms)[0m  [1m[34mSELECT "users".* FROM "users" WHERE "users"."id" = 1 LIMIT 1 /*action='index',application='TaskTracker',controller='tasks'*/[0m
  ↳ app/controllers/application_controller.rb:9:in `set_current_user'
  Rendering layout layouts/application.html.erb
  Rendering tasks/index.html.erb within layouts/application
  [1m[36mTask Load (0.2ms)[0m  [1m[34mSELECT "tasks".* FROM "tasks" WHERE "tasks"."user_id" = 1 /*action='index',application='TaskTracker',controller='tasks'*/[0m
  ↳ app/views/tasks/index.html.erb:17
  Rendered tasks/index.html.erb within layouts/application (Duration: 2.9ms | GC: 0.0ms)
  Rendered layout layouts/application.html.erb (Duration: 17.4ms | GC: 13.2ms)
Completed 200 OK in 43ms (Views: 17.8ms | ActiveRecord: 0.3ms (2 queries, 0 cached) | GC: 13.2ms)


Started GET "/tasks/1/edit" for 127.0.0.1 at 2024-12-11 21:58:11 +0300
Processing by TasksController#edit as HTML
  Parameters: {"id"=>"1"}
  [1m[36mUser Load (0.1ms)[0m  [1m[34mSELECT "users".* FROM "users" WHERE "users"."id" = 1 LIMIT 1 /*action='edit',application='TaskTracker',controller='tasks'*/[0m
  ↳ app/controllers/application_controller.rb:9:in `set_current_user'
  [1m[36mTask Load (0.1ms)[0m  [1m[34mSELECT "tasks".* FROM "tasks" WHERE "tasks"."user_id" = 1 AND "tasks"."id" = 1 LIMIT 1 /*action='edit',application='TaskTracker',controller='tasks'*/[0m
  ↳ app/controllers/tasks_controller.rb:26:in `edit'
  Rendering layout layouts/application.html.erb
  Rendering tasks/edit.html.erb within layouts/application
  [1m[36mCategory Load (0.1ms)[0m  [1m[34mSELECT "categories".* FROM "categories" /*action='edit',application='TaskTracker',controller='tasks'*/[0m
  ↳ app/views/tasks/edit.html.erb:35
  Rendered tasks/edit.html.erb within layouts/application (Duration: 3.2ms | GC: 0.0ms)
  Rendered layout layouts/application.html.erb (Duration: 4.4ms | GC: 0.0ms)
Completed 200 OK in 17ms (Views: 4.7ms | ActiveRecord: 0.3ms (3 queries, 0 cached) | GC: 0.3ms)


Started PATCH "/tasks/1" for 127.0.0.1 at 2024-12-11 21:58:17 +0300
Processing by TasksController#update as TURBO_STREAM
  Parameters: {"authenticity_token"=>"[FILTERED]", "task"=>{"title"=>"12334", "description"=>"12334", "status"=>"завершено", "category_ids"=>[""]}, "commit"=>"Обновить задачу", "id"=>"1"}
  [1m[36mUser Load (0.1ms)[0m  [1m[34mSELECT "users".* FROM "users" WHERE "users"."id" = 1 LIMIT 1 /*action='update',application='TaskTracker',controller='tasks'*/[0m
  ↳ app/controllers/application_controller.rb:9:in `set_current_user'
  [1m[36mTask Load (0.1ms)[0m  [1m[34mSELECT "tasks".* FROM "tasks" WHERE "tasks"."user_id" = 1 AND "tasks"."id" = 1 LIMIT 1 /*action='update',application='TaskTracker',controller='tasks'*/[0m
  ↳ app/controllers/tasks_controller.rb:30:in `update'
  [1m[36mTRANSACTION (0.0ms)[0m  [1m[35mBEGIN immediate TRANSACTION /*action='update',application='TaskTracker',controller='tasks'*/[0m
  ↳ app/controllers/tasks_controller.rb:31:in `update'
  [1m[36mCategory Load (0.8ms)[0m  [1m[34mSELECT "categories".* FROM "categories" INNER JOIN "categories_tasks" ON "categories"."id" = "categories_tasks"."category_id" WHERE "categories_tasks"."task_id" = 1 /*action='update',application='TaskTracker',controller='tasks'*/[0m
  ↳ app/controllers/tasks_controller.rb:31:in `update'
  [1m[36mTask Update (0.0ms)[0m  [1m[33mUPDATE "tasks" SET "title" = '12334', "description" = '12334', "status" = 'завершено', "updated_at" = '2024-12-11 18:58:17.845208' WHERE "tasks"."id" = 1 /*action='update',application='TaskTracker',controller='tasks'*/[0m
  ↳ app/controllers/tasks_controller.rb:31:in `update'
  [1m[36mTRANSACTION (0.1ms)[0m  [1m[35mCOMMIT TRANSACTION /*action='update',application='TaskTracker',controller='tasks'*/[0m
  ↳ app/controllers/tasks_controller.rb:31:in `update'
Redirected to http://127.0.0.1:3000/tasks
Completed 302 Found in 20ms (ActiveRecord: 1.2ms (4 queries, 0 cached) | GC: 0.7ms)


Started GET "/tasks" for 127.0.0.1 at 2024-12-11 21:58:17 +0300
Processing by TasksController#index as TURBO_STREAM
  [1m[36mUser Load (0.1ms)[0m  [1m[34mSELECT "users".* FROM "users" WHERE "users"."id" = 1 LIMIT 1 /*action='index',application='TaskTracker',controller='tasks'*/[0m
  ↳ app/controllers/application_controller.rb:9:in `set_current_user'
  Rendering layout layouts/application.html.erb
  Rendering tasks/index.html.erb within layouts/application
  [1m[36mTask Load (0.1ms)[0m  [1m[34mSELECT "tasks".* FROM "tasks" WHERE "tasks"."user_id" = 1 /*action='index',application='TaskTracker',controller='tasks'*/[0m
  ↳ app/views/tasks/index.html.erb:17
  Rendered tasks/index.html.erb within layouts/application (Duration: 2.1ms | GC: 0.2ms)
  Rendered layout layouts/application.html.erb (Duration: 2.7ms | GC: 0.2ms)
Completed 200 OK in 14ms (Views: 3.0ms | ActiveRecord: 0.2ms (2 queries, 0 cached) | GC: 0.2ms)


Started GET "/tasks/1" for 127.0.0.1 at 2024-12-11 21:58:18 +0300
Processing by TasksController#show as HTML
  Parameters: {"id"=>"1"}
  [1m[36mUser Load (0.2ms)[0m  [1m[34mSELECT "users".* FROM "users" WHERE "users"."id" = 1 LIMIT 1 /*action='show',application='TaskTracker',controller='tasks'*/[0m
  ↳ app/controllers/application_controller.rb:9:in `set_current_user'
  [1m[36mTask Load (0.2ms)[0m  [1m[34mSELECT "tasks".* FROM "tasks" WHERE "tasks"."user_id" = 1 AND "tasks"."id" = 1 LIMIT 1 /*action='show',application='TaskTracker',controller='tasks'*/[0m
  ↳ app/controllers/tasks_controller.rb:9:in `show'
  Rendering layout layouts/application.html.erb
  Rendering tasks/show.html.erb within layouts/application
  [1m[36mCategory Pluck (0.2ms)[0m  [1m[34mSELECT "categories"."name" FROM "categories" INNER JOIN "categories_tasks" ON "categories"."id" = "categories_tasks"."category_id" WHERE "categories_tasks"."task_id" = 1 /*action='show',application='TaskTracker',controller='tasks'*/[0m
  ↳ app/views/tasks/show.html.erb:13
  Rendered tasks/show.html.erb within layouts/application (Duration: 3.3ms | GC: 0.0ms)
  Rendered layout layouts/application.html.erb (Duration: 4.4ms | GC: 0.0ms)
Completed 200 OK in 36ms (Views: 4.8ms | ActiveRecord: 0.6ms (3 queries, 0 cached) | GC: 0.5ms)


Started GET "/tasks/1/edit" for 127.0.0.1 at 2024-12-11 21:58:19 +0300
Processing by TasksController#edit as HTML
  Parameters: {"id"=>"1"}
  [1m[36mUser Load (0.1ms)[0m  [1m[34mSELECT "users".* FROM "users" WHERE "users"."id" = 1 LIMIT 1 /*action='edit',application='TaskTracker',controller='tasks'*/[0m
  ↳ app/controllers/application_controller.rb:9:in `set_current_user'
  [1m[36mTask Load (0.2ms)[0m  [1m[34mSELECT "tasks".* FROM "tasks" WHERE "tasks"."user_id" = 1 AND "tasks"."id" = 1 LIMIT 1 /*action='edit',application='TaskTracker',controller='tasks'*/[0m
  ↳ app/controllers/tasks_controller.rb:26:in `edit'
  Rendering layout layouts/application.html.erb
  Rendering tasks/edit.html.erb within layouts/application
  [1m[36mCategory Load (0.2ms)[0m  [1m[34mSELECT "categories".* FROM "categories" /*action='edit',application='TaskTracker',controller='tasks'*/[0m
  ↳ app/views/tasks/edit.html.erb:35
  Rendered tasks/edit.html.erb within layouts/application (Duration: 5.2ms | GC: 0.5ms)
  Rendered layout layouts/application.html.erb (Duration: 6.4ms | GC: 0.5ms)
Completed 200 OK in 24ms (Views: 6.7ms | ActiveRecord: 0.4ms (3 queries, 0 cached) | GC: 0.5ms)


Started GET "/tasks/1/edit" for 127.0.0.1 at 2024-12-11 21:58:19 +0300
Processing by TasksController#edit as HTML
  Parameters: {"id"=>"1"}
  [1m[36mUser Load (0.1ms)[0m  [1m[34mSELECT "users".* FROM "users" WHERE "users"."id" = 1 LIMIT 1 /*action='edit',application='TaskTracker',controller='tasks'*/[0m
  ↳ app/controllers/application_controller.rb:9:in `set_current_user'
  [1m[36mTask Load (0.1ms)[0m  [1m[34mSELECT "tasks".* FROM "tasks" WHERE "tasks"."user_id" = 1 AND "tasks"."id" = 1 LIMIT 1 /*action='edit',application='TaskTracker',controller='tasks'*/[0m
  ↳ app/controllers/tasks_controller.rb:26:in `edit'
  Rendering layout layouts/application.html.erb
  Rendering tasks/edit.html.erb within layouts/application
  [1m[36mCategory Load (0.1ms)[0m  [1m[34mSELECT "categories".* FROM "categories" /*action='edit',application='TaskTracker',controller='tasks'*/[0m
  ↳ app/views/tasks/edit.html.erb:35
  Rendered tasks/edit.html.erb within layouts/application (Duration: 2.0ms | GC: 0.0ms)
  Rendered layout layouts/application.html.erb (Duration: 2.5ms | GC: 0.0ms)
Completed 200 OK in 17ms (Views: 2.7ms | ActiveRecord: 0.3ms (3 queries, 0 cached) | GC: 0.1ms)


Started GET "/tasks/1" for 127.0.0.1 at 2024-12-11 21:58:21 +0300
Processing by TasksController#show as HTML
  Parameters: {"id"=>"1"}
  [1m[36mUser Load (0.2ms)[0m  [1m[34mSELECT "users".* FROM "users" WHERE "users"."id" = 1 LIMIT 1 /*action='show',application='TaskTracker',controller='tasks'*/[0m
  ↳ app/controllers/application_controller.rb:9:in `set_current_user'
  [1m[36mTask Load (0.2ms)[0m  [1m[34mSELECT "tasks".* FROM "tasks" WHERE "tasks"."user_id" = 1 AND "tasks"."id" = 1 LIMIT 1 /*action='show',application='TaskTracker',controller='tasks'*/[0m
  ↳ app/controllers/tasks_controller.rb:9:in `show'
  Rendering layout layouts/application.html.erb
  Rendering tasks/show.html.erb within layouts/application
  [1m[36mCategory Pluck (0.2ms)[0m  [1m[34mSELECT "categories"."name" FROM "categories" INNER JOIN "categories_tasks" ON "categories"."id" = "categories_tasks"."category_id" WHERE "categories_tasks"."task_id" = 1 /*action='show',application='TaskTracker',controller='tasks'*/[0m
  ↳ app/views/tasks/show.html.erb:13
  Rendered tasks/show.html.erb within layouts/application (Duration: 3.0ms | GC: 0.0ms)
  Rendered layout layouts/application.html.erb (Duration: 4.4ms | GC: 0.0ms)
Completed 200 OK in 33ms (Views: 4.8ms | ActiveRecord: 0.5ms (3 queries, 0 cached) | GC: 0.3ms)


Started GET "/tasks/1/edit" for 127.0.0.1 at 2024-12-11 21:58:22 +0300
Processing by TasksController#edit as HTML
  Parameters: {"id"=>"1"}
  [1m[36mUser Load (0.2ms)[0m  [1m[34mSELECT "users".* FROM "users" WHERE "users"."id" = 1 LIMIT 1 /*action='edit',application='TaskTracker',controller='tasks'*/[0m
  ↳ app/controllers/application_controller.rb:9:in `set_current_user'
  [1m[36mTask Load (0.2ms)[0m  [1m[34mSELECT "tasks".* FROM "tasks" WHERE "tasks"."user_id" = 1 AND "tasks"."id" = 1 LIMIT 1 /*action='edit',application='TaskTracker',controller='tasks'*/[0m
  ↳ app/controllers/tasks_controller.rb:26:in `edit'
  Rendering layout layouts/application.html.erb
  Rendering tasks/edit.html.erb within layouts/application
  [1m[36mCategory Load (0.1ms)[0m  [1m[34mSELECT "categories".* FROM "categories" /*action='edit',application='TaskTracker',controller='tasks'*/[0m
  ↳ app/views/tasks/edit.html.erb:35
  Rendered tasks/edit.html.erb within layouts/application (Duration: 4.6ms | GC: 0.8ms)
  Rendered layout layouts/application.html.erb (Duration: 5.6ms | GC: 0.8ms)
Completed 200 OK in 28ms (Views: 5.8ms | ActiveRecord: 0.5ms (3 queries, 0 cached) | GC: 0.8ms)


Started GET "/tasks" for 127.0.0.1 at 2024-12-11 21:58:22 +0300
Processing by TasksController#index as HTML
  [1m[36mUser Load (0.1ms)[0m  [1m[34mSELECT "users".* FROM "users" WHERE "users"."id" = 1 LIMIT 1 /*action='index',application='TaskTracker',controller='tasks'*/[0m
  ↳ app/controllers/application_controller.rb:9:in `set_current_user'
  Rendering layout layouts/application.html.erb
  Rendering tasks/index.html.erb within layouts/application
  [1m[36mTask Load (0.1ms)[0m  [1m[34mSELECT "tasks".* FROM "tasks" WHERE "tasks"."user_id" = 1 /*action='index',application='TaskTracker',controller='tasks'*/[0m
  ↳ app/views/tasks/index.html.erb:17
  Rendered tasks/index.html.erb within layouts/application (Duration: 1.4ms | GC: 0.0ms)
  Rendered layout layouts/application.html.erb (Duration: 2.0ms | GC: 0.0ms)
Completed 200 OK in 15ms (Views: 2.2ms | ActiveRecord: 0.2ms (2 queries, 0 cached) | GC: 0.1ms)


Started GET "/tasks/1" for 127.0.0.1 at 2024-12-11 21:58:24 +0300
Processing by TasksController#show as HTML
  Parameters: {"id"=>"1"}
  [1m[36mUser Load (0.2ms)[0m  [1m[34mSELECT "users".* FROM "users" WHERE "users"."id" = 1 LIMIT 1 /*action='show',application='TaskTracker',controller='tasks'*/[0m
  ↳ app/controllers/application_controller.rb:9:in `set_current_user'
  [1m[36mTask Load (0.2ms)[0m  [1m[34mSELECT "tasks".* FROM "tasks" WHERE "tasks"."user_id" = 1 AND "tasks"."id" = 1 LIMIT 1 /*action='show',application='TaskTracker',controller='tasks'*/[0m
  ↳ app/controllers/tasks_controller.rb:9:in `show'
  Rendering layout layouts/application.html.erb
  Rendering tasks/show.html.erb within layouts/application
  [1m[36mCategory Pluck (0.2ms)[0m  [1m[34mSELECT "categories"."name" FROM "categories" INNER JOIN "categories_tasks" ON "categories"."id" = "categories_tasks"."category_id" WHERE "categories_tasks"."task_id" = 1 /*action='show',application='TaskTracker',controller='tasks'*/[0m
  ↳ app/views/tasks/show.html.erb:13
  Rendered tasks/show.html.erb within layouts/application (Duration: 3.3ms | GC: 0.0ms)
  Rendered layout layouts/application.html.erb (Duration: 4.7ms | GC: 0.0ms)
Completed 200 OK in 34ms (Views: 5.2ms | ActiveRecord: 0.6ms (3 queries, 0 cached) | GC: 0.0ms)


Started GET "/tasks" for 127.0.0.1 at 2024-12-11 21:58:25 +0300
Processing by TasksController#index as HTML
  [1m[36mUser Load (0.1ms)[0m  [1m[34mSELECT "users".* FROM "users" WHERE "users"."id" = 1 LIMIT 1 /*action='index',application='TaskTracker',controller='tasks'*/[0m
  ↳ app/controllers/application_controller.rb:9:in `set_current_user'
  Rendering layout layouts/application.html.erb
  Rendering tasks/index.html.erb within layouts/application
  [1m[36mTask Load (0.1ms)[0m  [1m[34mSELECT "tasks".* FROM "tasks" WHERE "tasks"."user_id" = 1 /*action='index',application='TaskTracker',controller='tasks'*/[0m
  ↳ app/views/tasks/index.html.erb:17
  Rendered tasks/index.html.erb within layouts/application (Duration: 2.4ms | GC: 0.0ms)
  Rendered layout layouts/application.html.erb (Duration: 3.8ms | GC: 0.5ms)
Completed 200 OK in 18ms (Views: 4.1ms | ActiveRecord: 0.2ms (2 queries, 0 cached) | GC: 0.5ms)


Started GET "/tasks/1" for 127.0.0.1 at 2024-12-11 21:58:25 +0300
Processing by TasksController#show as HTML
  Parameters: {"id"=>"1"}
  [1m[36mUser Load (0.2ms)[0m  [1m[34mSELECT "users".* FROM "users" WHERE "users"."id" = 1 LIMIT 1 /*action='show',application='TaskTracker',controller='tasks'*/[0m
  ↳ app/controllers/application_controller.rb:9:in `set_current_user'
  [1m[36mTask Load (0.2ms)[0m  [1m[34mSELECT "tasks".* FROM "tasks" WHERE "tasks"."user_id" = 1 AND "tasks"."id" = 1 LIMIT 1 /*action='show',application='TaskTracker',controller='tasks'*/[0m
  ↳ app/controllers/tasks_controller.rb:9:in `show'
  Rendering layout layouts/application.html.erb
  Rendering tasks/show.html.erb within layouts/application
  [1m[36mCategory Pluck (0.2ms)[0m  [1m[34mSELECT "categories"."name" FROM "categories" INNER JOIN "categories_tasks" ON "categories"."id" = "categories_tasks"."category_id" WHERE "categories_tasks"."task_id" = 1 /*action='show',application='TaskTracker',controller='tasks'*/[0m
  ↳ app/views/tasks/show.html.erb:13
  Rendered tasks/show.html.erb within layouts/application (Duration: 2.3ms | GC: 0.0ms)
  Rendered layout layouts/application.html.erb (Duration: 3.4ms | GC: 0.0ms)
Completed 200 OK in 31ms (Views: 3.8ms | ActiveRecord: 0.5ms (3 queries, 0 cached) | GC: 0.6ms)


